===== Deployment Started Mon Apr 27 10:51:24 UTC 2026 =====
Building image...
#0 building with "default" instance using docker driver

#1 [internal] load build definition from Dockerfile
#1 transferring dockerfile: 111B done
#1 DONE 0.0s

#2 [internal] load metadata for docker.io/library/node:18
#2 DONE 0.6s

#3 [internal] load .dockerignore
#3 transferring context: 2B done
#3 DONE 0.0s

#4 [internal] load build context
#4 transferring context: 3.79kB 0.0s done
#4 DONE 0.0s

#5 [1/3] FROM docker.io/library/node:18@sha256:c6ae79e38498325db67193d391e6ec1d224d96c693a8a4d943498556716d3783
#5 resolve docker.io/library/node:18@sha256:c6ae79e38498325db67193d391e6ec1d224d96c693a8a4d943498556716d3783 0.0s done
#5 DONE 0.0s

#6 [2/3] WORKDIR /app
#6 CACHED

#7 [3/3] COPY . .
#7 DONE 0.0s

#8 exporting to image
#8 exporting layers 0.1s done
#8 exporting manifest sha256:5da4f4f412cfbc2290c758e74abd2f9de98699bd46b49e4b680cf7009246c76c 0.0s done
#8 exporting config sha256:a22ff25ddc2c97c404b28bb15372490791aa1fb860dd6b93a99c71d3f4d8e42b
#8 exporting config sha256:a22ff25ddc2c97c404b28bb15372490791aa1fb860dd6b93a99c71d3f4d8e42b 0.0s done
#8 exporting attestation manifest sha256:fd7024715a35b91cbea837c636dc1f4f53ca2ad013dbc8601b49c72594fa3493 0.0s done
#8 exporting manifest list sha256:5444706a840a85cfc3fc05634f4d35150c48e99b36f0d83010ff8c7fc7f033a2 0.0s done
#8 naming to docker.io/library/devops-app:latest done
#8 unpacking to docker.io/library/devops-app:latest 0.0s done
#8 DONE 0.3s
Removing old green if exists...
Starting green container...
c3ea81441e223b671deb82a40ccb5cbb5f9821f38b0b0e6280a50d7233271110
Running health check...
Health check passed.
Traffic switched to green.
Old version removed.
===== Deployment Finished =====
